c:\users\rémi\documents\visual studio 2015\projects\brpg\brpg\debug\vc140.pdb
c:\users\rémi\documents\visual studio 2015\projects\brpg\brpg\debug\vc140.idb
c:\users\rémi\documents\visual studio 2015\projects\brpg\brpg\debug\game.obj
c:\users\rémi\documents\visual studio 2015\projects\brpg\brpg\debug\main.obj
c:\users\rémi\documents\visual studio 2015\projects\brpg\brpg\debug\maingame.obj
c:\users\rémi\documents\visual studio 2015\projects\brpg\brpg\debug\mainmenu.obj
c:\users\rémi\documents\visual studio 2015\projects\brpg\brpg\debug\map.obj
c:\users\rémi\documents\visual studio 2015\projects\brpg\brpg\debug\setsettings.obj
c:\users\rémi\documents\visual studio 2015\projects\brpg\brpg\debug\settings.obj
c:\users\rémi\documents\visual studio 2015\projects\brpg\brpg\debug\character.obj
c:\users\rémi\documents\visual studio 2015\projects\brpg\brpg\debug\camera.obj
c:\users\rémi\documents\visual studio 2015\projects\brpg\debug\brpg.ilk
c:\users\rémi\documents\visual studio 2015\projects\brpg\debug\brpg.exe
c:\users\rémi\documents\visual studio 2015\projects\brpg\debug\brpg.pdb
c:\users\rémi\documents\visual studio 2015\projects\brpg\brpg\debug\brpg.tlog\cl.command.1.tlog
c:\users\rémi\documents\visual studio 2015\projects\brpg\brpg\debug\brpg.tlog\cl.read.1.tlog
c:\users\rémi\documents\visual studio 2015\projects\brpg\brpg\debug\brpg.tlog\cl.write.1.tlog
c:\users\rémi\documents\visual studio 2015\projects\brpg\brpg\debug\brpg.tlog\link.command.1.tlog
c:\users\rémi\documents\visual studio 2015\projects\brpg\brpg\debug\brpg.tlog\link.read.1.tlog
c:\users\rémi\documents\visual studio 2015\projects\brpg\brpg\debug\brpg.tlog\link.write.1.tlog
